<?xml version="1.0" encoding="UTF-8"?>
<!-- Generated by org.testng.reporters.JUnitXMLReporter -->
<testsuite ignored="0" hostname="LAPTOP-V7M1F0GS" failures="0" tests="3" name="Default test" time="23.449" errors="0" timestamp="2024-02-18T12:13:44 IST">
  <testcase classname="com.evs.vtiger.runner.Run" name="runTest" time="6.146"/>
  <testcase classname="com.evs.vtiger.runner.Run" name="runTest" time="4.416"/>
  <testcase classname="com.evs.vtiger.runner.Run" name="runTest" time="4.668"/>
</testsuite> <!-- Default test -->
