<?xml version="1.0" encoding="UTF-8"?>
<testng-results ignored="0" total="3" passed="3" failed="0" skipped="0">
  <reporter-output>
  </reporter-output>
  <suite started-at="2024-02-18T12:13:21 IST" name="Default suite" finished-at="2024-02-18T12:13:44 IST" duration-ms="23449">
    <groups>
    </groups>
    <test started-at="2024-02-18T12:13:21 IST" name="Default test" finished-at="2024-02-18T12:13:44 IST" duration-ms="23449">
      <class name="com.evs.vtiger.runner.Run">
        <test-method is-config="true" signature="cretereport()[pri:0, instance:com.evs.vtiger.runner.Run@1984b1f]" started-at="2024-02-18T12:13:21 IST" name="cretereport" finished-at="2024-02-18T12:13:21 IST" duration-ms="339" status="PASS">
          <reporter-output>
          </reporter-output>
        </test-method> <!-- cretereport -->
        <test-method signature="runTest(java.lang.String,java.lang.String)[pri:0, instance:com.evs.vtiger.runner.Run@1984b1f]" started-at="2024-02-18T12:13:22 IST" name="runTest" data-provider="credential" finished-at="2024-02-18T12:13:28 IST" duration-ms="6146" status="PASS">
          <params>
            <param index="0">
              <value>
                <![CDATA[admin]]>
              </value>
            </param>
            <param index="1">
              <value>
                <![CDATA[admin]]>
              </value>
            </param>
          </params>
          <reporter-output>
          </reporter-output>
        </test-method> <!-- runTest -->
        <test-method is-config="true" signature="teardown()[pri:0, instance:com.evs.vtiger.runner.Run@1984b1f]" started-at="2024-02-18T12:13:28 IST" name="teardown" finished-at="2024-02-18T12:13:31 IST" duration-ms="2575" status="PASS">
          <reporter-output>
          </reporter-output>
        </test-method> <!-- teardown -->
        <test-method signature="runTest(java.lang.String,java.lang.String)[pri:0, instance:com.evs.vtiger.runner.Run@1984b1f]" started-at="2024-02-18T12:13:31 IST" name="runTest" data-provider="credential" finished-at="2024-02-18T12:13:35 IST" duration-ms="4416" status="PASS">
          <params>
            <param index="0">
              <value>
                <![CDATA[Ajeet]]>
              </value>
            </param>
            <param index="1">
              <value>
                <![CDATA[Ajeet]]>
              </value>
            </param>
          </params>
          <reporter-output>
          </reporter-output>
        </test-method> <!-- runTest -->
        <test-method is-config="true" signature="teardown()[pri:0, instance:com.evs.vtiger.runner.Run@1984b1f]" started-at="2024-02-18T12:13:35 IST" name="teardown" finished-at="2024-02-18T12:13:38 IST" duration-ms="2138" status="PASS">
          <reporter-output>
          </reporter-output>
        </test-method> <!-- teardown -->
        <test-method signature="runTest(java.lang.String,java.lang.String)[pri:0, instance:com.evs.vtiger.runner.Run@1984b1f]" started-at="2024-02-18T12:13:38 IST" name="runTest" data-provider="credential" finished-at="2024-02-18T12:13:42 IST" duration-ms="4668" status="PASS">
          <params>
            <param index="0">
              <value>
                <![CDATA[sadhu]]>
              </value>
            </param>
            <param index="1">
              <value>
                <![CDATA[sadhu]]>
              </value>
            </param>
          </params>
          <reporter-output>
          </reporter-output>
        </test-method> <!-- runTest -->
        <test-method is-config="true" signature="teardown()[pri:0, instance:com.evs.vtiger.runner.Run@1984b1f]" started-at="2024-02-18T12:13:42 IST" name="teardown" finished-at="2024-02-18T12:13:44 IST" duration-ms="2153" status="PASS">
          <reporter-output>
          </reporter-output>
        </test-method> <!-- teardown -->
      </class> <!-- com.evs.vtiger.runner.Run -->
    </test> <!-- Default test -->
  </suite> <!-- Default suite -->
</testng-results>
